<?xml version="1.0" encoding="UTF-8"?>
<testsuite xmlns:xsi="http://www.w3.org/2001/XMLSchema-instance" xsi:noNamespaceSchemaLocation="https://maven.apache.org/surefire/maven-surefire-plugin/xsd/surefire-test-report.xsd" version="3.0.1" name="cucumberOptions.TestRunner" time="32.781" tests="1" errors="0" skipped="0" failures="0">
  <properties>
[...]
</properties>
  <testcase name="runScenario[&quot;Search bus from Delhi to Jaipur&quot;, &quot;ZingBus Search&quot;](1)" classname="cucumberOptions.TestRunner" time="31.007">
    <system-out><![CDATA[
@zingbus
&amp#27;[1mScenario:&amp#27;[22m Search bus from Delhi to Jaipur     &amp#27;[90m# src/test/resources/Features/zingbus.feature:4&amp#27;[39m
  &amp#27;[32m✔&amp#27;[39m &amp#27;[32m&amp#27;[1mGiven &amp#27;[22muser is on zingbus homepage&amp#27;[39m         &amp#27;[90m# stepDefinations.ZingBusSteps.user_is_on_homepage()&amp#27;[39m
  &amp#27;[32m✔&amp#27;[39m &amp#27;[32m&amp#27;[1mWhen &amp#27;[22muser enters from city &amp#27;[1m"Delhi"&amp#27;[22m&amp#27;[39m        &amp#27;[90m# stepDefinations.ZingBusSteps.user_enters_from_city(java.lang.String)&amp#27;[39m
  &amp#27;[32m✔&amp#27;[39m &amp#27;[32m&amp#27;[1mAnd &amp#27;[22muser enters to city &amp#27;[1m"Jaipur"&amp#27;[22m&amp#27;[39m          &amp#27;[90m# stepDefinations.ZingBusSteps.user_enters_to_city(java.lang.String)&amp#27;[39m
  &amp#27;[32m✔&amp#27;[39m &amp#27;[32m&amp#27;[1mThen &amp#27;[22muser clicks on search button&amp#27;[39m         &amp#27;[90m# stepDefinations.ZingBusSteps.user_clicks_search()&amp#27;[39m
  &amp#27;[32m✔&amp#27;[39m &amp#27;[32m&amp#27;[1mAnd &amp#27;[22muser applies cheapest filter&amp#27;[39m          &amp#27;[90m# stepDefinations.ZingBusSteps.user_applies_cheapest_filter()&amp#27;[39m
✅ Cheapest bus is visible at top
Completed scrolling of all buses
  &amp#27;[32m✔&amp#27;[39m &amp#27;[32m&amp#27;[1mThen &amp#27;[22muser should see filtered bus results&amp#27;[39m &amp#27;[90m# stepDefinations.ZingBusSteps.user_should_see_filtered_bus_results()&amp#27;[39m
]]></system-out>
    <system-err><![CDATA[SLF4J(W): No SLF4J providers were found.
SLF4J(W): Defaulting to no-operation (NOP) logger implementation
SLF4J(W): See https://www.slf4j.org/codes.html#noProviders for further details.
Jun 24, 2026 10:41:20 AM org.openqa.selenium.devtools.CdpVersionFinder findNearestMatch
WARNING: Unable to find an exact match for CDP version 149, returning the closest version; found: 148; Please update to a Selenium version that supports CDP version 149
]]></system-err>
  </testcase>
</testsuite>