<?xml version="1.0" encoding="UTF-8"?>
<testng-results ignored="0" total="1" passed="1" failed="0" skipped="0">
  <reporter-output>
  </reporter-output>
  <suite started-at="2026-06-24T10:41:13 IST" name="Surefire suite" finished-at="2026-06-24T10:41:45 IST" duration-ms="31880">
    <groups>
      <group name="cucumber">
        <method signature="AbstractTestNGCucumberTests.runScenario(io.cucumber.testng.PickleWrapper,io.cucumber.testng.FeatureWrapper)[pri:0, instance:cucumberOptions.TestRunner@1afd44cb]" name="runScenario" class="io.cucumber.testng.AbstractTestNGCucumberTests"/>
      </group> <!-- cucumber -->
    </groups>
    <test started-at="2026-06-24T10:41:13 IST" name="Surefire test" finished-at="2026-06-24T10:41:45 IST" duration-ms="31880">
      <class name="cucumberOptions.TestRunner">
        <test-method is-config="true" signature="setUpClass(org.testng.ITestContext)[pri:0, instance:cucumberOptions.TestRunner@1afd44cb]" started-at="2026-06-24T10:41:14 IST" name="setUpClass" finished-at="2026-06-24T10:41:14 IST" duration-ms="801" status="PASS">
          <params>
            <param index="0">
              <value>
                <![CDATA[org.testng.TestRunner@4f3faa70]]>
              </value>
            </param>
          </params>
          <reporter-output>
          </reporter-output>
        </test-method> <!-- setUpClass -->
        <test-method signature="runScenario(io.cucumber.testng.PickleWrapper,io.cucumber.testng.FeatureWrapper)[pri:0, instance:cucumberOptions.TestRunner@1afd44cb]" started-at="2026-06-24T10:41:14 IST" name="runScenario" description="Runs Cucumber Scenarios" data-provider="scenarios" finished-at="2026-06-24T10:41:45 IST" duration-ms="31007" status="PASS">
          <params>
            <param index="0">
              <value>
                <![CDATA["Search bus from Delhi to Jaipur"]]>
              </value>
            </param>
            <param index="1">
              <value>
                <![CDATA["ZingBus Search"]]>
              </value>
            </param>
          </params>
          <reporter-output>
          </reporter-output>
        </test-method> <!-- runScenario -->
        <test-method is-config="true" signature="tearDownClass()[pri:0, instance:cucumberOptions.TestRunner@1afd44cb]" started-at="2026-06-24T10:41:45 IST" name="tearDownClass" finished-at="2026-06-24T10:41:45 IST" duration-ms="4" status="PASS">
          <reporter-output>
          </reporter-output>
        </test-method> <!-- tearDownClass -->
      </class> <!-- cucumberOptions.TestRunner -->
    </test> <!-- Surefire test -->
  </suite> <!-- Surefire suite -->
</testng-results>
